<?xml version="1.0" encoding="UTF-8"?>
<!-- Generated by org.testng.reporters.JUnitXMLReporter -->
<testsuite hostname="Sumits-iMac.local" ignored="0" name="Free CRM Application Test cases" tests="11" failures="0" timestamp="06 Dec 2017 07:33:49 GMT" time="161.097" errors="0">
  <testcase name="loginPageTitleTest" time="0.025" classname="com.crm.qa.testcases.LoginPageTest"/>
  <testcase name="verifyHomePageTitleTest" time="0.013" classname="com.crm.qa.testcases.HomePageTest"/>
  <testcase name="verifyContactspageLabel" time="0.067" classname="com.crm.qa.testcases.ContactsPageTest"/>
  <testcase name="crmLogoImageTest" time="0.077" classname="com.crm.qa.testcases.LoginPageTest"/>
  <testcase name="verifyUserNameTest" time="0.474" classname="com.crm.qa.testcases.HomePageTest"/>
  <testcase name="selectContactsTest" time="5.557" classname="com.crm.qa.testcases.ContactsPageTest"/>
  <testcase name="loginTest" time="6.528" classname="com.crm.qa.testcases.LoginPageTest"/>
  <testcase name="verifyContatctsLinkTest" time="1.71" classname="com.crm.qa.testcases.HomePageTest"/>
  <testcase name="validateCreateNewContactTest" time="4.926" classname="com.crm.qa.testcases.ContactsPageTest"/>
  <testcase name="validateCreateNewContactTest" time="6.225" classname="com.crm.qa.testcases.ContactsPageTest"/>
  <testcase name="validateCreateNewContactTest" time="4.884" classname="com.crm.qa.testcases.ContactsPageTest"/>
</testsuite> <!-- Free CRM Application Test cases -->
