<?xml version="1.0" encoding="UTF-8"?>
<!-- Generated by org.testng.reporters.JUnitXMLReporter -->
<testsuite hostname="Sumits-iMac.local" ignored="0" name="Default test" tests="3" failures="0" timestamp="06 Dec 2017 07:27:08 GMT" time="25.483" errors="0">
  <testcase name="loginPageTitleTest" time="0.044" classname="com.crm.qa.testcases.LoginPageTest"/>
  <testcase name="crmLogoImageTest" time="0.108" classname="com.crm.qa.testcases.LoginPageTest"/>
  <testcase name="loginTest" time="8.493" classname="com.crm.qa.testcases.LoginPageTest"/>
</testsuite> <!-- Default test -->
