<?xml version="1.0" encoding="UTF-8"?>
<!-- Generated by org.testng.reporters.JUnitXMLReporter -->
<testsuite hostname="Sumits-iMac.local" ignored="2" name="Default test(failed)(failed)" tests="1" failures="0" timestamp="06 Dec 2017 12:24:26 GMT" time="11.958" errors="0">
  <testcase name="loginTest" time="6.485" classname="com.crm.qa.testcases.LoginPageTest"/>
  <testcase name="crmLogoImageTest" time="0.0" classname="com.crm.qa.testcases.LoginPageTest">
    <ignored/>
  </testcase> <!-- crmLogoImageTest -->
  <testcase name="loginPageTitleTest" time="0.0" classname="com.crm.qa.testcases.LoginPageTest">
    <ignored/>
  </testcase> <!-- loginPageTitleTest -->
</testsuite> <!-- Default test(failed)(failed) -->
