<?xml version="1.0" encoding="UTF-8"?>
<testng-results skipped="0" failed="0" ignored="0" total="11" passed="11">
  <reporter-output>
  </reporter-output>
  <suite name="Free CRM Application Test Automation Test suite" duration-ms="161097" started-at="2017-12-06T07:31:07Z" finished-at="2017-12-06T07:33:48Z">
    <groups>
    </groups>
    <test name="Free CRM Application Test cases" duration-ms="161097" started-at="2017-12-06T07:31:07Z" finished-at="2017-12-06T07:33:48Z">
      <class name="com.crm.qa.testcases.HomePageTest">
        <test-method status="PASS" signature="setUp()[pri:0, instance:com.crm.qa.testcases.HomePageTest@2f686d1f]" name="setUp" is-config="true" duration-ms="11249" started-at="2017-12-06T13:01:15Z" finished-at="2017-12-06T13:01:26Z">
          <reporter-output>
          </reporter-output>
        </test-method> <!-- setUp -->
        <test-method status="PASS" signature="verifyHomePageTitleTest()[pri:1, instance:com.crm.qa.testcases.HomePageTest@2f686d1f]" name="verifyHomePageTitleTest" duration-ms="13" started-at="2017-12-06T13:01:26Z" finished-at="2017-12-06T13:01:26Z">
          <reporter-output>
          </reporter-output>
        </test-method> <!-- verifyHomePageTitleTest -->
        <test-method status="PASS" signature="tearDown()[pri:0, instance:com.crm.qa.testcases.HomePageTest@2f686d1f]" name="tearDown" is-config="true" duration-ms="261" started-at="2017-12-06T13:01:26Z" finished-at="2017-12-06T13:01:27Z">
          <reporter-output>
          </reporter-output>
        </test-method> <!-- tearDown -->
        <test-method status="PASS" signature="setUp()[pri:0, instance:com.crm.qa.testcases.HomePageTest@2f686d1f]" name="setUp" is-config="true" duration-ms="10750" started-at="2017-12-06T13:01:48Z" finished-at="2017-12-06T13:01:59Z">
          <reporter-output>
          </reporter-output>
        </test-method> <!-- setUp -->
        <test-method status="PASS" signature="verifyUserNameTest()[pri:2, instance:com.crm.qa.testcases.HomePageTest@2f686d1f]" name="verifyUserNameTest" duration-ms="474" started-at="2017-12-06T13:01:59Z" finished-at="2017-12-06T13:01:59Z">
          <reporter-output>
          </reporter-output>
        </test-method> <!-- verifyUserNameTest -->
        <test-method status="PASS" signature="tearDown()[pri:0, instance:com.crm.qa.testcases.HomePageTest@2f686d1f]" name="tearDown" is-config="true" duration-ms="298" started-at="2017-12-06T13:01:59Z" finished-at="2017-12-06T13:01:59Z">
          <reporter-output>
          </reporter-output>
        </test-method> <!-- tearDown -->
        <test-method status="PASS" signature="setUp()[pri:0, instance:com.crm.qa.testcases.HomePageTest@2f686d1f]" name="setUp" is-config="true" duration-ms="11185" started-at="2017-12-06T13:02:32Z" finished-at="2017-12-06T13:02:44Z">
          <reporter-output>
          </reporter-output>
        </test-method> <!-- setUp -->
        <test-method status="PASS" signature="verifyContatctsLinkTest()[pri:3, instance:com.crm.qa.testcases.HomePageTest@2f686d1f]" name="verifyContatctsLinkTest" duration-ms="1710" started-at="2017-12-06T13:02:44Z" finished-at="2017-12-06T13:02:45Z">
          <reporter-output>
          </reporter-output>
        </test-method> <!-- verifyContatctsLinkTest -->
        <test-method status="PASS" signature="tearDown()[pri:0, instance:com.crm.qa.testcases.HomePageTest@2f686d1f]" name="tearDown" is-config="true" duration-ms="333" started-at="2017-12-06T13:02:45Z" finished-at="2017-12-06T13:02:46Z">
          <reporter-output>
          </reporter-output>
        </test-method> <!-- tearDown -->
      </class> <!-- com.crm.qa.testcases.HomePageTest -->
      <class name="com.crm.qa.testcases.ContactsPageTest">
        <test-method status="PASS" signature="setUp()[pri:0, instance:com.crm.qa.testcases.ContactsPageTest@3fee9989]" name="setUp" is-config="true" duration-ms="15961" started-at="2017-12-06T13:01:27Z" finished-at="2017-12-06T13:01:43Z">
          <reporter-output>
          </reporter-output>
        </test-method> <!-- setUp -->
        <test-method status="PASS" signature="verifyContactspageLabel()[pri:1, instance:com.crm.qa.testcases.ContactsPageTest@3fee9989]" name="verifyContactspageLabel" duration-ms="67" started-at="2017-12-06T13:01:43Z" finished-at="2017-12-06T13:01:43Z">
          <reporter-output>
          </reporter-output>
        </test-method> <!-- verifyContactspageLabel -->
        <test-method status="PASS" signature="tearDown()[pri:0, instance:com.crm.qa.testcases.ContactsPageTest@3fee9989]" name="tearDown" is-config="true" duration-ms="248" started-at="2017-12-06T13:01:43Z" finished-at="2017-12-06T13:01:43Z">
          <reporter-output>
          </reporter-output>
        </test-method> <!-- tearDown -->
        <test-method status="PASS" signature="setUp()[pri:0, instance:com.crm.qa.testcases.ContactsPageTest@3fee9989]" name="setUp" is-config="true" duration-ms="15952" started-at="2017-12-06T13:01:59Z" finished-at="2017-12-06T13:02:15Z">
          <reporter-output>
          </reporter-output>
        </test-method> <!-- setUp -->
        <test-method status="PASS" signature="selectContactsTest()[pri:2, instance:com.crm.qa.testcases.ContactsPageTest@3fee9989]" name="selectContactsTest" duration-ms="5557" started-at="2017-12-06T13:02:15Z" finished-at="2017-12-06T13:02:21Z">
          <reporter-output>
          </reporter-output>
        </test-method> <!-- selectContactsTest -->
        <test-method status="PASS" signature="tearDown()[pri:0, instance:com.crm.qa.testcases.ContactsPageTest@3fee9989]" name="tearDown" is-config="true" duration-ms="281" started-at="2017-12-06T13:02:21Z" finished-at="2017-12-06T13:02:21Z">
          <reporter-output>
          </reporter-output>
        </test-method> <!-- tearDown -->
        <test-method status="PASS" signature="setUp()[pri:0, instance:com.crm.qa.testcases.ContactsPageTest@3fee9989]" name="setUp" is-config="true" duration-ms="16090" started-at="2017-12-06T13:02:46Z" finished-at="2017-12-06T13:03:02Z">
          <reporter-output>
          </reporter-output>
        </test-method> <!-- setUp -->
        <test-method status="PASS" signature="validateCreateNewContactTest(java.lang.String, java.lang.String, java.lang.String, java.lang.String)[pri:3, instance:com.crm.qa.testcases.ContactsPageTest@3fee9989]" name="validateCreateNewContactTest" duration-ms="4926" started-at="2017-12-06T13:03:02Z" data-provider="getCRMTestData" finished-at="2017-12-06T13:03:07Z">
          <params>
            <param index="0">
              <value>
                <![CDATA[Mr.]]>
              </value>
            </param>
            <param index="1">
              <value>
                <![CDATA[Tom]]>
              </value>
            </param>
            <param index="2">
              <value>
                <![CDATA[Peter]]>
              </value>
            </param>
            <param index="3">
              <value>
                <![CDATA[Google]]>
              </value>
            </param>
          </params>
          <reporter-output>
          </reporter-output>
        </test-method> <!-- validateCreateNewContactTest -->
        <test-method status="PASS" signature="tearDown()[pri:0, instance:com.crm.qa.testcases.ContactsPageTest@3fee9989]" name="tearDown" is-config="true" duration-ms="249" started-at="2017-12-06T13:03:07Z" finished-at="2017-12-06T13:03:08Z">
          <reporter-output>
          </reporter-output>
        </test-method> <!-- tearDown -->
        <test-method status="PASS" signature="setUp()[pri:0, instance:com.crm.qa.testcases.ContactsPageTest@3fee9989]" name="setUp" is-config="true" duration-ms="15375" started-at="2017-12-06T13:03:08Z" finished-at="2017-12-06T13:03:23Z">
          <reporter-output>
          </reporter-output>
        </test-method> <!-- setUp -->
        <test-method status="PASS" signature="validateCreateNewContactTest(java.lang.String, java.lang.String, java.lang.String, java.lang.String)[pri:3, instance:com.crm.qa.testcases.ContactsPageTest@3fee9989]" name="validateCreateNewContactTest" duration-ms="6225" started-at="2017-12-06T13:03:23Z" data-provider="getCRMTestData" finished-at="2017-12-06T13:03:29Z">
          <params>
            <param index="0">
              <value>
                <![CDATA[Dr.]]>
              </value>
            </param>
            <param index="1">
              <value>
                <![CDATA[David]]>
              </value>
            </param>
            <param index="2">
              <value>
                <![CDATA[Cris]]>
              </value>
            </param>
            <param index="3">
              <value>
                <![CDATA[Amazon]]>
              </value>
            </param>
          </params>
          <reporter-output>
          </reporter-output>
        </test-method> <!-- validateCreateNewContactTest -->
        <test-method status="PASS" signature="tearDown()[pri:0, instance:com.crm.qa.testcases.ContactsPageTest@3fee9989]" name="tearDown" is-config="true" duration-ms="152" started-at="2017-12-06T13:03:29Z" finished-at="2017-12-06T13:03:29Z">
          <reporter-output>
          </reporter-output>
        </test-method> <!-- tearDown -->
        <test-method status="PASS" signature="setUp()[pri:0, instance:com.crm.qa.testcases.ContactsPageTest@3fee9989]" name="setUp" is-config="true" duration-ms="14001" started-at="2017-12-06T13:03:29Z" finished-at="2017-12-06T13:03:43Z">
          <reporter-output>
          </reporter-output>
        </test-method> <!-- setUp -->
        <test-method status="PASS" signature="validateCreateNewContactTest(java.lang.String, java.lang.String, java.lang.String, java.lang.String)[pri:3, instance:com.crm.qa.testcases.ContactsPageTest@3fee9989]" name="validateCreateNewContactTest" duration-ms="4884" started-at="2017-12-06T13:03:43Z" data-provider="getCRMTestData" finished-at="2017-12-06T13:03:48Z">
          <params>
            <param index="0">
              <value>
                <![CDATA[Mrs.]]>
              </value>
            </param>
            <param index="1">
              <value>
                <![CDATA[Mukti]]>
              </value>
            </param>
            <param index="2">
              <value>
                <![CDATA[Jane]]>
              </value>
            </param>
            <param index="3">
              <value>
                <![CDATA[Infy]]>
              </value>
            </param>
          </params>
          <reporter-output>
          </reporter-output>
        </test-method> <!-- validateCreateNewContactTest -->
        <test-method status="PASS" signature="tearDown()[pri:0, instance:com.crm.qa.testcases.ContactsPageTest@3fee9989]" name="tearDown" is-config="true" duration-ms="230" started-at="2017-12-06T13:03:48Z" finished-at="2017-12-06T13:03:48Z">
          <reporter-output>
          </reporter-output>
        </test-method> <!-- tearDown -->
      </class> <!-- com.crm.qa.testcases.ContactsPageTest -->
      <class name="com.crm.qa.testcases.LoginPageTest">
        <test-method status="PASS" signature="setUp()[pri:0, instance:com.crm.qa.testcases.LoginPageTest@4cf777e8]" name="setUp" is-config="true" duration-ms="7606" started-at="2017-12-06T13:01:07Z" finished-at="2017-12-06T13:01:15Z">
          <reporter-output>
          </reporter-output>
        </test-method> <!-- setUp -->
        <test-method status="PASS" signature="loginPageTitleTest()[pri:1, instance:com.crm.qa.testcases.LoginPageTest@4cf777e8]" name="loginPageTitleTest" duration-ms="25" started-at="2017-12-06T13:01:15Z" finished-at="2017-12-06T13:01:15Z">
          <reporter-output>
          </reporter-output>
        </test-method> <!-- loginPageTitleTest -->
        <test-method status="PASS" signature="tearDown()[pri:0, instance:com.crm.qa.testcases.LoginPageTest@4cf777e8]" name="tearDown" is-config="true" duration-ms="160" started-at="2017-12-06T13:01:15Z" finished-at="2017-12-06T13:01:15Z">
          <reporter-output>
          </reporter-output>
        </test-method> <!-- tearDown -->
        <test-method status="PASS" signature="setUp()[pri:0, instance:com.crm.qa.testcases.LoginPageTest@4cf777e8]" name="setUp" is-config="true" duration-ms="4605" started-at="2017-12-06T13:01:43Z" finished-at="2017-12-06T13:01:48Z">
          <reporter-output>
          </reporter-output>
        </test-method> <!-- setUp -->
        <test-method status="PASS" signature="crmLogoImageTest()[pri:2, instance:com.crm.qa.testcases.LoginPageTest@4cf777e8]" name="crmLogoImageTest" duration-ms="77" started-at="2017-12-06T13:01:48Z" finished-at="2017-12-06T13:01:48Z">
          <reporter-output>
          </reporter-output>
        </test-method> <!-- crmLogoImageTest -->
        <test-method status="PASS" signature="tearDown()[pri:0, instance:com.crm.qa.testcases.LoginPageTest@4cf777e8]" name="tearDown" is-config="true" duration-ms="185" started-at="2017-12-06T13:01:48Z" finished-at="2017-12-06T13:01:48Z">
          <reporter-output>
          </reporter-output>
        </test-method> <!-- tearDown -->
        <test-method status="PASS" signature="setUp()[pri:0, instance:com.crm.qa.testcases.LoginPageTest@4cf777e8]" name="setUp" is-config="true" duration-ms="4494" started-at="2017-12-06T13:02:21Z" finished-at="2017-12-06T13:02:26Z">
          <reporter-output>
          </reporter-output>
        </test-method> <!-- setUp -->
        <test-method status="PASS" signature="loginTest()[pri:3, instance:com.crm.qa.testcases.LoginPageTest@4cf777e8]" name="loginTest" duration-ms="6528" started-at="2017-12-06T13:02:26Z" finished-at="2017-12-06T13:02:32Z">
          <reporter-output>
          </reporter-output>
        </test-method> <!-- loginTest -->
        <test-method status="PASS" signature="tearDown()[pri:0, instance:com.crm.qa.testcases.LoginPageTest@4cf777e8]" name="tearDown" is-config="true" duration-ms="254" started-at="2017-12-06T13:02:32Z" finished-at="2017-12-06T13:02:32Z">
          <reporter-output>
          </reporter-output>
        </test-method> <!-- tearDown -->
      </class> <!-- com.crm.qa.testcases.LoginPageTest -->
    </test> <!-- Free CRM Application Test cases -->
  </suite> <!-- Free CRM Application Test Automation Test suite -->
</testng-results>
